
OpenSBI v0.4 (Jul  2 2019 11:53:53)
   ____                    _____ ____ _____
  / __ \                  / ____|  _ \_   _|
 | |  | |_ __   ___ _ __ | (___ | |_) || |
 | |  | | '_ \ / _ \ '_ \ \___ \|  _ < | |
 | |__| | |_) |  __/ | | |____) | |_) || |_
  \____/| .__/ \___|_| |_|_____/|____/_____|
        | |
        |_|

Platform Name          : QEMU Virt Machine
Platform HART Features : RV64ACDFIMSU
Platform Max HARTs     : 8
Current Hart           : 0
Firmware Base          : 0x80000000
Firmware Size          : 112 KB
Runtime SBI Version    : 0.1

PMP0: 0x0000000080000000-0x000000008001ffff (A)
PMP1: 0x0000000000000000-0xffffffffffffffff (A,R,W,X)
(THU.CST) os is loading ...

Special kernel symbols:
  entry  0xc0200032 (virtual)
  etext  0xc02063e2 (virtual)
  edata  0xc02a7290 (virtual)
  end    0xc02b27ec (virtual)
Kernel executable memory footprint: 714KB
memory management: default_pmm_manager
physcial memory map:
  memory: 0x07e00000, [0x80200000, 0x87ffffff].
vapaofset is 18446744070488326144
check_alloc_page() succeeded!
check_pgdir() succeeded!
check_boot_pgdir() succeeded!
use SLOB allocator
kmalloc_init() succeeded!
check_vma_struct() succeeded!
Store/AMO page fault
page fault at 0x00000100: K/W
check_pgfault() succeeded!
check_vmm() succeeded.
SWAP: manager = fifo swap manager
BEGIN check_swap: count 1, total 31561
setup Page Table for vaddr 0X1000, so alloc a page
setup Page Table vaddr 0~4MB OVER!
set up init env for check_swap begin!
Store/AMO page fault
page fault at 0x00001000: K/W
Store/AMO page fault
page fault at 0x00002000: K/W
Store/AMO page fault
page fault at 0x00003000: K/W
Store/AMO page fault
page fault at 0x00004000: K/W
set up init env for check_swap over!
write Virt Page c in fifo_check_swap
write Virt Page a in fifo_check_swap
write Virt Page d in fifo_check_swap
write Virt Page b in fifo_check_swap
write Virt Page e in fifo_check_swap
Store/AMO page fault
page fault at 0x00005000: K/W
swap_out: i 0, store page in vaddr 0x1000 to disk swap entry 2
write Virt Page b in fifo_check_swap
write Virt Page a in fifo_check_swap
Store/AMO page fault
page fault at 0x00001000: K/W
Store/AMO page fault
page fault at 0x00000038: K/W
not valid addr 38, and  can not find it in vma
trapframe at 0xffffffffc020ac50
  zero     0x00000000
  ra       0xc02048fa
  sp       0xc020ad70
  gp       0x00000000
  tp       0x8001be00
  t0       0xc0200032
  t1       0xc020ad38
  t2       0x00000001
  s0       0x00001000
  s1       0xc04b3250
  a0       0xc04b8008
  a1       0x00000200
  a2       0x00000001
  a3       0xc04b8000
  a4       0x00088000
  a5       0x00000001
  a6       0x00000009
  a7       0x00000001
  s2       0x00000017
  s3       0x00001000
  s4       0x0000000f
  s5       0x00001000
  s6       0x0000000a
  s7       0x00004000
  s8       0x0000000d
  s9       0x00002000
  s10      0x0000000b
  s11      0x00000001
  t3       0xc0206a68
  t4       0x00002000
  t5       0x00000000
  t6       0x82200000
  status   0x00046100
  epc      0xc020490a
  tval 0x00000038
  cause    0x0000000f
kernel panic at kern/trap/trap.c:248:
    handle pgfault failed. invalid parameter

